2019-08-12 16:02:24,685 INFO bb.he.example.h2noob.H2noobApplication [main] Starting H2noobApplication on issam-Latitude-7490 with PID 9106 (/home/issam/Desktop/h2noob/target/classes started by issam in /home/issam/Desktop/h2noob)
2019-08-12 16:02:24,687 INFO bb.he.example.h2noob.H2noobApplication [main] No active profile set, falling back to default profiles: default
2019-08-12 16:02:25,339 INFO org.apache.catalina.core.StandardService [main] Starting service [Tomcat]
2019-08-12 16:02:25,339 INFO org.apache.catalina.core.StandardEngine [main] Starting Servlet engine: [Apache Tomcat/9.0.22]
2019-08-12 16:02:25,386 INFO org.apache.catalina.core.ContainerBase.[Tomcat].[localhost].[/] [main] Initializing Spring embedded WebApplicationContext
2019-08-12 16:02:25,417 INFO com.zaxxer.hikari.HikariDataSource [main] HikariPool-1 - Starting...
2019-08-12 16:02:25,480 INFO com.zaxxer.hikari.HikariDataSource [main] HikariPool-1 - Start completed.
2019-08-12 16:02:25,563 INFO org.hibernate.jpa.internal.util.LogHelper [main] HHH000204: Processing PersistenceUnitInfo [name: default]
2019-08-12 16:02:25,600 INFO org.hibernate.Version [main] HHH000412: Hibernate Core {5.4.4.Final}
2019-08-12 16:02:25,669 INFO org.hibernate.annotations.common.Version [main] HCANN000001: Hibernate Commons Annotations {5.1.0.Final}
2019-08-12 16:02:25,717 INFO org.hibernate.dialect.Dialect [main] HHH000400: Using dialect: org.hibernate.dialect.H2Dialect
2019-08-12 16:02:26,088 INFO org.hibernate.engine.transaction.jta.platform.internal.JtaPlatformInitiator [main] HHH000490: Using JtaPlatform implementation: [org.hibernate.engine.transaction.jta.platform.internal.NoJtaPlatform]
2019-08-12 16:02:26,492 INFO bb.he.example.h2noob.H2noobApplication [main] Started H2noobApplication in 2.044 seconds (JVM running for 2.284)
2019-08-12 16:02:32,146 INFO org.apache.catalina.core.ContainerBase.[Tomcat].[localhost].[/] [http-nio-8080-exec-2] Initializing Spring DispatcherServlet 'dispatcherServlet'
2019-08-12 16:02:34,110 ERROR org.apache.catalina.core.ContainerBase.[Tomcat].[localhost].[/].[dispatcherServlet] [http-nio-8080-exec-3] Servlet.service() for servlet [dispatcherServlet] in context with path [] threw exception [Request processing failed; nested exception is java.lang.IllegalArgumentException: username or Email is already in User!!] with root cause
java.lang.IllegalArgumentException: username or Email is already in User!!
	at bb.he.example.h2noob.service.UserService.save(UserService.java:29)
	at bb.he.example.h2noob.controller.UserController.save(UserController.java:22)
	at sun.reflect.NativeMethodAccessorImpl.invoke0(Native Method)
	at sun.reflect.NativeMethodAccessorImpl.invoke(NativeMethodAccessorImpl.java:62)
	at sun.reflect.DelegatingMethodAccessorImpl.invoke(DelegatingMethodAccessorImpl.java:43)
	at java.lang.reflect.Method.invoke(Method.java:498)
	at org.springframework.web.method.support.InvocableHandlerMethod.doInvoke(InvocableHandlerMethod.java:190)
	at org.springframework.web.method.support.InvocableHandlerMethod.invokeForRequest(InvocableHandlerMethod.java:138)
	at org.springframework.web.servlet.mvc.method.annotation.ServletInvocableHandlerMethod.invokeAndHandle(ServletInvocableHandlerMethod.java:105)
	at org.springframework.web.servlet.mvc.method.annotation.RequestMappingHandlerAdapter.invokeHandlerMethod(RequestMappingHandlerAdapter.java:887)
	at org.springframework.web.servlet.mvc.method.annotation.RequestMappingHandlerAdapter.handleInternal(RequestMappingHandlerAdapter.java:792)
	at org.springframework.web.servlet.mvc.method.AbstractHandlerMethodAdapter.handle(AbstractHandlerMethodAdapter.java:87)
	at org.springframework.web.servlet.DispatcherServlet.doDispatch(DispatcherServlet.java:1039)
	at org.springframework.web.servlet.DispatcherServlet.doService(DispatcherServlet.java:942)
	at org.springframework.web.servlet.FrameworkServlet.processRequest(FrameworkServlet.java:1005)
	at org.springframework.web.servlet.FrameworkServlet.doPost(FrameworkServlet.java:908)
	at javax.servlet.http.HttpServlet.service(HttpServlet.java:660)
	at org.springframework.web.servlet.FrameworkServlet.service(FrameworkServlet.java:882)
	at javax.servlet.http.HttpServlet.service(HttpServlet.java:741)
	at org.apache.catalina.core.ApplicationFilterChain.internalDoFilter(ApplicationFilterChain.java:231)
	at org.apache.catalina.core.ApplicationFilterChain.doFilter(ApplicationFilterChain.java:166)
	at org.apache.tomcat.websocket.server.WsFilter.doFilter(WsFilter.java:53)
	at org.apache.catalina.core.ApplicationFilterChain.internalDoFilter(ApplicationFilterChain.java:193)
	at org.apache.catalina.core.ApplicationFilterChain.doFilter(ApplicationFilterChain.java:166)
	at org.springframework.web.filter.RequestContextFilter.doFilterInternal(RequestContextFilter.java:99)
	at org.springframework.web.filter.OncePerRequestFilter.doFilter(OncePerRequestFilter.java:118)
	at org.apache.catalina.core.ApplicationFilterChain.internalDoFilter(ApplicationFilterChain.java:193)
	at org.apache.catalina.core.ApplicationFilterChain.doFilter(ApplicationFilterChain.java:166)
	at org.springframework.web.filter.FormContentFilter.doFilterInternal(FormContentFilter.java:92)
	at org.springframework.web.filter.OncePerRequestFilter.doFilter(OncePerRequestFilter.java:118)
	at org.apache.catalina.core.ApplicationFilterChain.internalDoFilter(ApplicationFilterChain.java:193)
	at org.apache.catalina.core.ApplicationFilterChain.doFilter(ApplicationFilterChain.java:166)
	at org.springframework.web.filter.CharacterEncodingFilter.doFilterInternal(CharacterEncodingFilter.java:200)
	at org.springframework.web.filter.OncePerRequestFilter.doFilter(OncePerRequestFilter.java:118)
	at org.apache.catalina.core.ApplicationFilterChain.internalDoFilter(ApplicationFilterChain.java:193)
	at org.apache.catalina.core.ApplicationFilterChain.doFilter(ApplicationFilterChain.java:166)
	at org.apache.catalina.core.StandardWrapperValve.invoke(StandardWrapperValve.java:202)
	at org.apache.catalina.core.StandardContextValve.invoke(StandardContextValve.java:96)
	at org.apache.catalina.authenticator.AuthenticatorBase.invoke(AuthenticatorBase.java:490)
	at org.apache.catalina.core.StandardHostValve.invoke(StandardHostValve.java:139)
	at org.apache.catalina.valves.ErrorReportValve.invoke(ErrorReportValve.java:92)
	at org.apache.catalina.core.StandardEngineValve.invoke(StandardEngineValve.java:74)
	at org.apache.catalina.connector.CoyoteAdapter.service(CoyoteAdapter.java:343)
	at org.apache.coyote.http11.Http11Processor.service(Http11Processor.java:408)
	at org.apache.coyote.AbstractProcessorLight.process(AbstractProcessorLight.java:66)
	at org.apache.coyote.AbstractProtocol$ConnectionHandler.process(AbstractProtocol.java:853)
	at org.apache.tomcat.util.net.NioEndpoint$SocketProcessor.doRun(NioEndpoint.java:1587)
	at org.apache.tomcat.util.net.SocketProcessorBase.run(SocketProcessorBase.java:49)
	at java.util.concurrent.ThreadPoolExecutor.runWorker(ThreadPoolExecutor.java:1149)
	at java.util.concurrent.ThreadPoolExecutor$Worker.run(ThreadPoolExecutor.java:624)
	at org.apache.tomcat.util.threads.TaskThread$WrappingRunnable.run(TaskThread.java:61)
	at java.lang.Thread.run(Thread.java:748)
2019-08-12 16:03:21,062 INFO org.hibernate.tool.schema.internal.SchemaDropperImpl$DelayedDropActionImpl [Thread-4] HHH000477: Starting delayed evictData of schema as part of SessionFactory shut-down'
2019-08-12 16:03:21,078 INFO com.zaxxer.hikari.HikariDataSource [Thread-4] HikariPool-1 - Shutdown initiated...
2019-08-12 16:03:21,085 INFO com.zaxxer.hikari.HikariDataSource [Thread-4] HikariPool-1 - Shutdown completed.
2019-08-12 16:16:28,228 INFO bb.he.example.h2noob.H2noobApplication [main] Starting H2noobApplication on issam-Latitude-7490 with PID 11897 (/home/issam/Desktop/h2noob/target/classes started by issam in /home/issam/Desktop/h2noob)
2019-08-12 16:16:28,230 INFO bb.he.example.h2noob.H2noobApplication [main] No active profile set, falling back to default profiles: default
2019-08-12 16:16:28,911 INFO org.apache.catalina.core.StandardService [main] Starting service [Tomcat]
2019-08-12 16:16:28,911 INFO org.apache.catalina.core.StandardEngine [main] Starting Servlet engine: [Apache Tomcat/9.0.22]
2019-08-12 16:16:28,957 INFO org.apache.catalina.core.ContainerBase.[Tomcat].[localhost].[/] [main] Initializing Spring embedded WebApplicationContext
2019-08-12 16:16:28,986 INFO com.zaxxer.hikari.HikariDataSource [main] HikariPool-1 - Starting...
2019-08-12 16:16:29,050 INFO com.zaxxer.hikari.HikariDataSource [main] HikariPool-1 - Start completed.
2019-08-12 16:16:29,129 INFO org.hibernate.jpa.internal.util.LogHelper [main] HHH000204: Processing PersistenceUnitInfo [name: default]
2019-08-12 16:16:29,164 INFO org.hibernate.Version [main] HHH000412: Hibernate Core {5.4.4.Final}
2019-08-12 16:16:29,234 INFO org.hibernate.annotations.common.Version [main] HCANN000001: Hibernate Commons Annotations {5.1.0.Final}
2019-08-12 16:16:29,282 INFO org.hibernate.dialect.Dialect [main] HHH000400: Using dialect: org.hibernate.dialect.H2Dialect
2019-08-12 16:16:29,655 INFO org.hibernate.engine.transaction.jta.platform.internal.JtaPlatformInitiator [main] HHH000490: Using JtaPlatform implementation: [org.hibernate.engine.transaction.jta.platform.internal.NoJtaPlatform]
2019-08-12 16:16:30,073 INFO bb.he.example.h2noob.H2noobApplication [main] Started H2noobApplication in 2.114 seconds (JVM running for 2.336)
2019-08-12 16:17:14,659 INFO org.apache.catalina.core.ContainerBase.[Tomcat].[localhost].[/] [http-nio-8080-exec-2] Initializing Spring DispatcherServlet 'dispatcherServlet'
2019-08-12 16:17:20,989 ERROR org.apache.catalina.core.ContainerBase.[Tomcat].[localhost].[/].[dispatcherServlet] [http-nio-8080-exec-3] Servlet.service() for servlet [dispatcherServlet] in context with path [] threw exception [Request processing failed; nested exception is java.lang.IllegalArgumentException: username or Email is already in User!!] with root cause
java.lang.IllegalArgumentException: username or Email is already in User!!
	at bb.he.example.h2noob.service.UserService.save(UserService.java:29)
	at bb.he.example.h2noob.controller.UserController.save(UserController.java:22)
	at sun.reflect.NativeMethodAccessorImpl.invoke0(Native Method)
	at sun.reflect.NativeMethodAccessorImpl.invoke(NativeMethodAccessorImpl.java:62)
	at sun.reflect.DelegatingMethodAccessorImpl.invoke(DelegatingMethodAccessorImpl.java:43)
	at java.lang.reflect.Method.invoke(Method.java:498)
	at org.springframework.web.method.support.InvocableHandlerMethod.doInvoke(InvocableHandlerMethod.java:190)
	at org.springframework.web.method.support.InvocableHandlerMethod.invokeForRequest(InvocableHandlerMethod.java:138)
	at org.springframework.web.servlet.mvc.method.annotation.ServletInvocableHandlerMethod.invokeAndHandle(ServletInvocableHandlerMethod.java:105)
	at org.springframework.web.servlet.mvc.method.annotation.RequestMappingHandlerAdapter.invokeHandlerMethod(RequestMappingHandlerAdapter.java:887)
	at org.springframework.web.servlet.mvc.method.annotation.RequestMappingHandlerAdapter.handleInternal(RequestMappingHandlerAdapter.java:792)
	at org.springframework.web.servlet.mvc.method.AbstractHandlerMethodAdapter.handle(AbstractHandlerMethodAdapter.java:87)
	at org.springframework.web.servlet.DispatcherServlet.doDispatch(DispatcherServlet.java:1039)
	at org.springframework.web.servlet.DispatcherServlet.doService(DispatcherServlet.java:942)
	at org.springframework.web.servlet.FrameworkServlet.processRequest(FrameworkServlet.java:1005)
	at org.springframework.web.servlet.FrameworkServlet.doPost(FrameworkServlet.java:908)
	at javax.servlet.http.HttpServlet.service(HttpServlet.java:660)
	at org.springframework.web.servlet.FrameworkServlet.service(FrameworkServlet.java:882)
	at javax.servlet.http.HttpServlet.service(HttpServlet.java:741)
	at org.apache.catalina.core.ApplicationFilterChain.internalDoFilter(ApplicationFilterChain.java:231)
	at org.apache.catalina.core.ApplicationFilterChain.doFilter(ApplicationFilterChain.java:166)
	at org.apache.tomcat.websocket.server.WsFilter.doFilter(WsFilter.java:53)
	at org.apache.catalina.core.ApplicationFilterChain.internalDoFilter(ApplicationFilterChain.java:193)
	at org.apache.catalina.core.ApplicationFilterChain.doFilter(ApplicationFilterChain.java:166)
	at org.springframework.web.filter.RequestContextFilter.doFilterInternal(RequestContextFilter.java:99)
	at org.springframework.web.filter.OncePerRequestFilter.doFilter(OncePerRequestFilter.java:118)
	at org.apache.catalina.core.ApplicationFilterChain.internalDoFilter(ApplicationFilterChain.java:193)
	at org.apache.catalina.core.ApplicationFilterChain.doFilter(ApplicationFilterChain.java:166)
	at org.springframework.web.filter.FormContentFilter.doFilterInternal(FormContentFilter.java:92)
	at org.springframework.web.filter.OncePerRequestFilter.doFilter(OncePerRequestFilter.java:118)
	at org.apache.catalina.core.ApplicationFilterChain.internalDoFilter(ApplicationFilterChain.java:193)
	at org.apache.catalina.core.ApplicationFilterChain.doFilter(ApplicationFilterChain.java:166)
	at org.springframework.web.filter.CharacterEncodingFilter.doFilterInternal(CharacterEncodingFilter.java:200)
	at org.springframework.web.filter.OncePerRequestFilter.doFilter(OncePerRequestFilter.java:118)
	at org.apache.catalina.core.ApplicationFilterChain.internalDoFilter(ApplicationFilterChain.java:193)
	at org.apache.catalina.core.ApplicationFilterChain.doFilter(ApplicationFilterChain.java:166)
	at org.apache.catalina.core.StandardWrapperValve.invoke(StandardWrapperValve.java:202)
	at org.apache.catalina.core.StandardContextValve.invoke(StandardContextValve.java:96)
	at org.apache.catalina.authenticator.AuthenticatorBase.invoke(AuthenticatorBase.java:490)
	at org.apache.catalina.core.StandardHostValve.invoke(StandardHostValve.java:139)
	at org.apache.catalina.valves.ErrorReportValve.invoke(ErrorReportValve.java:92)
	at org.apache.catalina.core.StandardEngineValve.invoke(StandardEngineValve.java:74)
	at org.apache.catalina.connector.CoyoteAdapter.service(CoyoteAdapter.java:343)
	at org.apache.coyote.http11.Http11Processor.service(Http11Processor.java:408)
	at org.apache.coyote.AbstractProcessorLight.process(AbstractProcessorLight.java:66)
	at org.apache.coyote.AbstractProtocol$ConnectionHandler.process(AbstractProtocol.java:853)
	at org.apache.tomcat.util.net.NioEndpoint$SocketProcessor.doRun(NioEndpoint.java:1587)
	at org.apache.tomcat.util.net.SocketProcessorBase.run(SocketProcessorBase.java:49)
	at java.util.concurrent.ThreadPoolExecutor.runWorker(ThreadPoolExecutor.java:1149)
	at java.util.concurrent.ThreadPoolExecutor$Worker.run(ThreadPoolExecutor.java:624)
	at org.apache.tomcat.util.threads.TaskThread$WrappingRunnable.run(TaskThread.java:61)
	at java.lang.Thread.run(Thread.java:748)
2019-08-12 16:17:28,382 ERROR org.apache.catalina.core.ContainerBase.[Tomcat].[localhost].[/].[dispatcherServlet] [http-nio-8080-exec-5] Servlet.service() for servlet [dispatcherServlet] in context with path [] threw exception [Request processing failed; nested exception is java.lang.IllegalArgumentException: username or Email is already in User!!] with root cause
java.lang.IllegalArgumentException: username or Email is already in User!!
	at bb.he.example.h2noob.service.UserService.save(UserService.java:29)
	at bb.he.example.h2noob.controller.UserController.save(UserController.java:22)
	at sun.reflect.NativeMethodAccessorImpl.invoke0(Native Method)
	at sun.reflect.NativeMethodAccessorImpl.invoke(NativeMethodAccessorImpl.java:62)
	at sun.reflect.DelegatingMethodAccessorImpl.invoke(DelegatingMethodAccessorImpl.java:43)
	at java.lang.reflect.Method.invoke(Method.java:498)
	at org.springframework.web.method.support.InvocableHandlerMethod.doInvoke(InvocableHandlerMethod.java:190)
	at org.springframework.web.method.support.InvocableHandlerMethod.invokeForRequest(InvocableHandlerMethod.java:138)
	at org.springframework.web.servlet.mvc.method.annotation.ServletInvocableHandlerMethod.invokeAndHandle(ServletInvocableHandlerMethod.java:105)
	at org.springframework.web.servlet.mvc.method.annotation.RequestMappingHandlerAdapter.invokeHandlerMethod(RequestMappingHandlerAdapter.java:887)
	at org.springframework.web.servlet.mvc.method.annotation.RequestMappingHandlerAdapter.handleInternal(RequestMappingHandlerAdapter.java:792)
	at org.springframework.web.servlet.mvc.method.AbstractHandlerMethodAdapter.handle(AbstractHandlerMethodAdapter.java:87)
	at org.springframework.web.servlet.DispatcherServlet.doDispatch(DispatcherServlet.java:1039)
	at org.springframework.web.servlet.DispatcherServlet.doService(DispatcherServlet.java:942)
	at org.springframework.web.servlet.FrameworkServlet.processRequest(FrameworkServlet.java:1005)
	at org.springframework.web.servlet.FrameworkServlet.doPost(FrameworkServlet.java:908)
	at javax.servlet.http.HttpServlet.service(HttpServlet.java:660)
	at org.springframework.web.servlet.FrameworkServlet.service(FrameworkServlet.java:882)
	at javax.servlet.http.HttpServlet.service(HttpServlet.java:741)
	at org.apache.catalina.core.ApplicationFilterChain.internalDoFilter(ApplicationFilterChain.java:231)
	at org.apache.catalina.core.ApplicationFilterChain.doFilter(ApplicationFilterChain.java:166)
	at org.apache.tomcat.websocket.server.WsFilter.doFilter(WsFilter.java:53)
	at org.apache.catalina.core.ApplicationFilterChain.internalDoFilter(ApplicationFilterChain.java:193)
	at org.apache.catalina.core.ApplicationFilterChain.doFilter(ApplicationFilterChain.java:166)
	at org.springframework.web.filter.RequestContextFilter.doFilterInternal(RequestContextFilter.java:99)
	at org.springframework.web.filter.OncePerRequestFilter.doFilter(OncePerRequestFilter.java:118)
	at org.apache.catalina.core.ApplicationFilterChain.internalDoFilter(ApplicationFilterChain.java:193)
	at org.apache.catalina.core.ApplicationFilterChain.doFilter(ApplicationFilterChain.java:166)
	at org.springframework.web.filter.FormContentFilter.doFilterInternal(FormContentFilter.java:92)
	at org.springframework.web.filter.OncePerRequestFilter.doFilter(OncePerRequestFilter.java:118)
	at org.apache.catalina.core.ApplicationFilterChain.internalDoFilter(ApplicationFilterChain.java:193)
	at org.apache.catalina.core.ApplicationFilterChain.doFilter(ApplicationFilterChain.java:166)
	at org.springframework.web.filter.CharacterEncodingFilter.doFilterInternal(CharacterEncodingFilter.java:200)
	at org.springframework.web.filter.OncePerRequestFilter.doFilter(OncePerRequestFilter.java:118)
	at org.apache.catalina.core.ApplicationFilterChain.internalDoFilter(ApplicationFilterChain.java:193)
	at org.apache.catalina.core.ApplicationFilterChain.doFilter(ApplicationFilterChain.java:166)
	at org.apache.catalina.core.StandardWrapperValve.invoke(StandardWrapperValve.java:202)
	at org.apache.catalina.core.StandardContextValve.invoke(StandardContextValve.java:96)
	at org.apache.catalina.authenticator.AuthenticatorBase.invoke(AuthenticatorBase.java:490)
	at org.apache.catalina.core.StandardHostValve.invoke(StandardHostValve.java:139)
	at org.apache.catalina.valves.ErrorReportValve.invoke(ErrorReportValve.java:92)
	at org.apache.catalina.core.StandardEngineValve.invoke(StandardEngineValve.java:74)
	at org.apache.catalina.connector.CoyoteAdapter.service(CoyoteAdapter.java:343)
	at org.apache.coyote.http11.Http11Processor.service(Http11Processor.java:408)
	at org.apache.coyote.AbstractProcessorLight.process(AbstractProcessorLight.java:66)
	at org.apache.coyote.AbstractProtocol$ConnectionHandler.process(AbstractProtocol.java:853)
	at org.apache.tomcat.util.net.NioEndpoint$SocketProcessor.doRun(NioEndpoint.java:1587)
	at org.apache.tomcat.util.net.SocketProcessorBase.run(SocketProcessorBase.java:49)
	at java.util.concurrent.ThreadPoolExecutor.runWorker(ThreadPoolExecutor.java:1149)
	at java.util.concurrent.ThreadPoolExecutor$Worker.run(ThreadPoolExecutor.java:624)
	at org.apache.tomcat.util.threads.TaskThread$WrappingRunnable.run(TaskThread.java:61)
	at java.lang.Thread.run(Thread.java:748)
2019-08-12 16:17:34,860 ERROR org.apache.catalina.core.ContainerBase.[Tomcat].[localhost].[/].[dispatcherServlet] [http-nio-8080-exec-7] Servlet.service() for servlet [dispatcherServlet] in context with path [] threw exception [Request processing failed; nested exception is java.lang.IllegalArgumentException: username or Email is already in User!!] with root cause
java.lang.IllegalArgumentException: username or Email is already in User!!
	at bb.he.example.h2noob.service.UserService.save(UserService.java:29)
	at bb.he.example.h2noob.controller.UserController.save(UserController.java:22)
	at sun.reflect.NativeMethodAccessorImpl.invoke0(Native Method)
	at sun.reflect.NativeMethodAccessorImpl.invoke(NativeMethodAccessorImpl.java:62)
	at sun.reflect.DelegatingMethodAccessorImpl.invoke(DelegatingMethodAccessorImpl.java:43)
	at java.lang.reflect.Method.invoke(Method.java:498)
	at org.springframework.web.method.support.InvocableHandlerMethod.doInvoke(InvocableHandlerMethod.java:190)
	at org.springframework.web.method.support.InvocableHandlerMethod.invokeForRequest(InvocableHandlerMethod.java:138)
	at org.springframework.web.servlet.mvc.method.annotation.ServletInvocableHandlerMethod.invokeAndHandle(ServletInvocableHandlerMethod.java:105)
	at org.springframework.web.servlet.mvc.method.annotation.RequestMappingHandlerAdapter.invokeHandlerMethod(RequestMappingHandlerAdapter.java:887)
	at org.springframework.web.servlet.mvc.method.annotation.RequestMappingHandlerAdapter.handleInternal(RequestMappingHandlerAdapter.java:792)
	at org.springframework.web.servlet.mvc.method.AbstractHandlerMethodAdapter.handle(AbstractHandlerMethodAdapter.java:87)
	at org.springframework.web.servlet.DispatcherServlet.doDispatch(DispatcherServlet.java:1039)
	at org.springframework.web.servlet.DispatcherServlet.doService(DispatcherServlet.java:942)
	at org.springframework.web.servlet.FrameworkServlet.processRequest(FrameworkServlet.java:1005)
	at org.springframework.web.servlet.FrameworkServlet.doPost(FrameworkServlet.java:908)
	at javax.servlet.http.HttpServlet.service(HttpServlet.java:660)
	at org.springframework.web.servlet.FrameworkServlet.service(FrameworkServlet.java:882)
	at javax.servlet.http.HttpServlet.service(HttpServlet.java:741)
	at org.apache.catalina.core.ApplicationFilterChain.internalDoFilter(ApplicationFilterChain.java:231)
	at org.apache.catalina.core.ApplicationFilterChain.doFilter(ApplicationFilterChain.java:166)
	at org.apache.tomcat.websocket.server.WsFilter.doFilter(WsFilter.java:53)
	at org.apache.catalina.core.ApplicationFilterChain.internalDoFilter(ApplicationFilterChain.java:193)
	at org.apache.catalina.core.ApplicationFilterChain.doFilter(ApplicationFilterChain.java:166)
	at org.springframework.web.filter.RequestContextFilter.doFilterInternal(RequestContextFilter.java:99)
	at org.springframework.web.filter.OncePerRequestFilter.doFilter(OncePerRequestFilter.java:118)
	at org.apache.catalina.core.ApplicationFilterChain.internalDoFilter(ApplicationFilterChain.java:193)
	at org.apache.catalina.core.ApplicationFilterChain.doFilter(ApplicationFilterChain.java:166)
	at org.springframework.web.filter.FormContentFilter.doFilterInternal(FormContentFilter.java:92)
	at org.springframework.web.filter.OncePerRequestFilter.doFilter(OncePerRequestFilter.java:118)
	at org.apache.catalina.core.ApplicationFilterChain.internalDoFilter(ApplicationFilterChain.java:193)
	at org.apache.catalina.core.ApplicationFilterChain.doFilter(ApplicationFilterChain.java:166)
	at org.springframework.web.filter.CharacterEncodingFilter.doFilterInternal(CharacterEncodingFilter.java:200)
	at org.springframework.web.filter.OncePerRequestFilter.doFilter(OncePerRequestFilter.java:118)
	at org.apache.catalina.core.ApplicationFilterChain.internalDoFilter(ApplicationFilterChain.java:193)
	at org.apache.catalina.core.ApplicationFilterChain.doFilter(ApplicationFilterChain.java:166)
	at org.apache.catalina.core.StandardWrapperValve.invoke(StandardWrapperValve.java:202)
	at org.apache.catalina.core.StandardContextValve.invoke(StandardContextValve.java:96)
	at org.apache.catalina.authenticator.AuthenticatorBase.invoke(AuthenticatorBase.java:490)
	at org.apache.catalina.core.StandardHostValve.invoke(StandardHostValve.java:139)
	at org.apache.catalina.valves.ErrorReportValve.invoke(ErrorReportValve.java:92)
	at org.apache.catalina.core.StandardEngineValve.invoke(StandardEngineValve.java:74)
	at org.apache.catalina.connector.CoyoteAdapter.service(CoyoteAdapter.java:343)
	at org.apache.coyote.http11.Http11Processor.service(Http11Processor.java:408)
	at org.apache.coyote.AbstractProcessorLight.process(AbstractProcessorLight.java:66)
	at org.apache.coyote.AbstractProtocol$ConnectionHandler.process(AbstractProtocol.java:853)
	at org.apache.tomcat.util.net.NioEndpoint$SocketProcessor.doRun(NioEndpoint.java:1587)
	at org.apache.tomcat.util.net.SocketProcessorBase.run(SocketProcessorBase.java:49)
	at java.util.concurrent.ThreadPoolExecutor.runWorker(ThreadPoolExecutor.java:1149)
	at java.util.concurrent.ThreadPoolExecutor$Worker.run(ThreadPoolExecutor.java:624)
	at org.apache.tomcat.util.threads.TaskThread$WrappingRunnable.run(TaskThread.java:61)
	at java.lang.Thread.run(Thread.java:748)
2019-08-12 16:17:53,015 ERROR org.apache.catalina.core.ContainerBase.[Tomcat].[localhost].[/].[dispatcherServlet] [http-nio-8080-exec-9] Servlet.service() for servlet [dispatcherServlet] in context with path [] threw exception [Request processing failed; nested exception is java.lang.IllegalArgumentException: username or Email is already in User!!] with root cause
java.lang.IllegalArgumentException: username or Email is already in User!!
	at bb.he.example.h2noob.service.UserService.save(UserService.java:29)
	at bb.he.example.h2noob.controller.UserController.save(UserController.java:22)
	at sun.reflect.NativeMethodAccessorImpl.invoke0(Native Method)
	at sun.reflect.NativeMethodAccessorImpl.invoke(NativeMethodAccessorImpl.java:62)
	at sun.reflect.DelegatingMethodAccessorImpl.invoke(DelegatingMethodAccessorImpl.java:43)
	at java.lang.reflect.Method.invoke(Method.java:498)
	at org.springframework.web.method.support.InvocableHandlerMethod.doInvoke(InvocableHandlerMethod.java:190)
	at org.springframework.web.method.support.InvocableHandlerMethod.invokeForRequest(InvocableHandlerMethod.java:138)
	at org.springframework.web.servlet.mvc.method.annotation.ServletInvocableHandlerMethod.invokeAndHandle(ServletInvocableHandlerMethod.java:105)
	at org.springframework.web.servlet.mvc.method.annotation.RequestMappingHandlerAdapter.invokeHandlerMethod(RequestMappingHandlerAdapter.java:887)
	at org.springframework.web.servlet.mvc.method.annotation.RequestMappingHandlerAdapter.handleInternal(RequestMappingHandlerAdapter.java:792)
	at org.springframework.web.servlet.mvc.method.AbstractHandlerMethodAdapter.handle(AbstractHandlerMethodAdapter.java:87)
	at org.springframework.web.servlet.DispatcherServlet.doDispatch(DispatcherServlet.java:1039)
	at org.springframework.web.servlet.DispatcherServlet.doService(DispatcherServlet.java:942)
	at org.springframework.web.servlet.FrameworkServlet.processRequest(FrameworkServlet.java:1005)
	at org.springframework.web.servlet.FrameworkServlet.doPost(FrameworkServlet.java:908)
	at javax.servlet.http.HttpServlet.service(HttpServlet.java:660)
	at org.springframework.web.servlet.FrameworkServlet.service(FrameworkServlet.java:882)
	at javax.servlet.http.HttpServlet.service(HttpServlet.java:741)
	at org.apache.catalina.core.ApplicationFilterChain.internalDoFilter(ApplicationFilterChain.java:231)
	at org.apache.catalina.core.ApplicationFilterChain.doFilter(ApplicationFilterChain.java:166)
	at org.apache.tomcat.websocket.server.WsFilter.doFilter(WsFilter.java:53)
	at org.apache.catalina.core.ApplicationFilterChain.internalDoFilter(ApplicationFilterChain.java:193)
	at org.apache.catalina.core.ApplicationFilterChain.doFilter(ApplicationFilterChain.java:166)
	at org.springframework.web.filter.RequestContextFilter.doFilterInternal(RequestContextFilter.java:99)
	at org.springframework.web.filter.OncePerRequestFilter.doFilter(OncePerRequestFilter.java:118)
	at org.apache.catalina.core.ApplicationFilterChain.internalDoFilter(ApplicationFilterChain.java:193)
	at org.apache.catalina.core.ApplicationFilterChain.doFilter(ApplicationFilterChain.java:166)
	at org.springframework.web.filter.FormContentFilter.doFilterInternal(FormContentFilter.java:92)
	at org.springframework.web.filter.OncePerRequestFilter.doFilter(OncePerRequestFilter.java:118)
	at org.apache.catalina.core.ApplicationFilterChain.internalDoFilter(ApplicationFilterChain.java:193)
	at org.apache.catalina.core.ApplicationFilterChain.doFilter(ApplicationFilterChain.java:166)
	at org.springframework.web.filter.CharacterEncodingFilter.doFilterInternal(CharacterEncodingFilter.java:200)
	at org.springframework.web.filter.OncePerRequestFilter.doFilter(OncePerRequestFilter.java:118)
	at org.apache.catalina.core.ApplicationFilterChain.internalDoFilter(ApplicationFilterChain.java:193)
	at org.apache.catalina.core.ApplicationFilterChain.doFilter(ApplicationFilterChain.java:166)
	at org.apache.catalina.core.StandardWrapperValve.invoke(StandardWrapperValve.java:202)
	at org.apache.catalina.core.StandardContextValve.invoke(StandardContextValve.java:96)
	at org.apache.catalina.authenticator.AuthenticatorBase.invoke(AuthenticatorBase.java:490)
	at org.apache.catalina.core.StandardHostValve.invoke(StandardHostValve.java:139)
	at org.apache.catalina.valves.ErrorReportValve.invoke(ErrorReportValve.java:92)
	at org.apache.catalina.core.StandardEngineValve.invoke(StandardEngineValve.java:74)
	at org.apache.catalina.connector.CoyoteAdapter.service(CoyoteAdapter.java:343)
	at org.apache.coyote.http11.Http11Processor.service(Http11Processor.java:408)
	at org.apache.coyote.AbstractProcessorLight.process(AbstractProcessorLight.java:66)
	at org.apache.coyote.AbstractProtocol$ConnectionHandler.process(AbstractProtocol.java:853)
	at org.apache.tomcat.util.net.NioEndpoint$SocketProcessor.doRun(NioEndpoint.java:1587)
	at org.apache.tomcat.util.net.SocketProcessorBase.run(SocketProcessorBase.java:49)
	at java.util.concurrent.ThreadPoolExecutor.runWorker(ThreadPoolExecutor.java:1149)
	at java.util.concurrent.ThreadPoolExecutor$Worker.run(ThreadPoolExecutor.java:624)
	at org.apache.tomcat.util.threads.TaskThread$WrappingRunnable.run(TaskThread.java:61)
	at java.lang.Thread.run(Thread.java:748)
2019-08-12 16:22:19,665 INFO org.hibernate.tool.schema.internal.SchemaDropperImpl$DelayedDropActionImpl [Thread-4] HHH000477: Starting delayed evictData of schema as part of SessionFactory shut-down'
2019-08-12 16:22:19,670 INFO com.zaxxer.hikari.HikariDataSource [Thread-4] HikariPool-1 - Shutdown initiated...
2019-08-12 16:22:19,673 INFO com.zaxxer.hikari.HikariDataSource [Thread-4] HikariPool-1 - Shutdown completed.
2019-08-12 16:22:28,093 INFO bb.he.example.h2noob.H2noobApplication [main] Starting H2noobApplication on issam-Latitude-7490 with PID 12423 (/home/issam/Desktop/h2noob/target/classes started by issam in /home/issam/Desktop/h2noob)
2019-08-12 16:22:28,094 INFO bb.he.example.h2noob.H2noobApplication [main] No active profile set, falling back to default profiles: default
2019-08-12 16:22:28,877 INFO org.apache.catalina.core.StandardService [main] Starting service [Tomcat]
2019-08-12 16:22:28,877 INFO org.apache.catalina.core.StandardEngine [main] Starting Servlet engine: [Apache Tomcat/9.0.22]
2019-08-12 16:22:28,923 INFO org.apache.catalina.core.ContainerBase.[Tomcat].[localhost].[/] [main] Initializing Spring embedded WebApplicationContext
2019-08-12 16:22:28,953 INFO com.zaxxer.hikari.HikariDataSource [main] HikariPool-1 - Starting...
2019-08-12 16:22:29,018 INFO com.zaxxer.hikari.HikariDataSource [main] HikariPool-1 - Start completed.
2019-08-12 16:22:29,104 INFO org.hibernate.jpa.internal.util.LogHelper [main] HHH000204: Processing PersistenceUnitInfo [name: default]
2019-08-12 16:22:29,139 INFO org.hibernate.Version [main] HHH000412: Hibernate Core {5.4.4.Final}
2019-08-12 16:22:29,212 INFO org.hibernate.annotations.common.Version [main] HCANN000001: Hibernate Commons Annotations {5.1.0.Final}
2019-08-12 16:22:29,277 INFO org.hibernate.dialect.Dialect [main] HHH000400: Using dialect: org.hibernate.dialect.H2Dialect
2019-08-12 16:22:29,709 INFO org.hibernate.engine.transaction.jta.platform.internal.JtaPlatformInitiator [main] HHH000490: Using JtaPlatform implementation: [org.hibernate.engine.transaction.jta.platform.internal.NoJtaPlatform]
2019-08-12 16:22:30,136 INFO bb.he.example.h2noob.H2noobApplication [main] Started H2noobApplication in 2.298 seconds (JVM running for 2.538)
2019-08-12 16:22:40,963 INFO org.hibernate.tool.schema.internal.SchemaDropperImpl$DelayedDropActionImpl [Thread-4] HHH000477: Starting delayed evictData of schema as part of SessionFactory shut-down'
2019-08-12 16:22:40,968 INFO com.zaxxer.hikari.HikariDataSource [Thread-4] HikariPool-1 - Shutdown initiated...
2019-08-12 16:22:40,970 INFO com.zaxxer.hikari.HikariDataSource [Thread-4] HikariPool-1 - Shutdown completed.
2019-08-12 16:22:47,054 INFO bb.he.example.h2noob.H2noobApplication [main] Starting H2noobApplication on issam-Latitude-7490 with PID 12532 (/home/issam/Desktop/h2noob/target/classes started by issam in /home/issam/Desktop/h2noob)
2019-08-12 16:22:47,056 INFO bb.he.example.h2noob.H2noobApplication [main] No active profile set, falling back to default profiles: default
2019-08-12 16:22:47,771 INFO org.apache.catalina.core.StandardService [main] Starting service [Tomcat]
2019-08-12 16:22:47,771 INFO org.apache.catalina.core.StandardEngine [main] Starting Servlet engine: [Apache Tomcat/9.0.22]
2019-08-12 16:22:47,819 INFO org.apache.catalina.core.ContainerBase.[Tomcat].[localhost].[/] [main] Initializing Spring embedded WebApplicationContext
2019-08-12 16:22:47,849 INFO com.zaxxer.hikari.HikariDataSource [main] HikariPool-1 - Starting...
2019-08-12 16:22:47,914 INFO com.zaxxer.hikari.HikariDataSource [main] HikariPool-1 - Start completed.
2019-08-12 16:22:47,999 INFO org.hibernate.jpa.internal.util.LogHelper [main] HHH000204: Processing PersistenceUnitInfo [name: default]
2019-08-12 16:22:48,042 INFO org.hibernate.Version [main] HHH000412: Hibernate Core {5.4.4.Final}
2019-08-12 16:22:48,106 INFO org.hibernate.annotations.common.Version [main] HCANN000001: Hibernate Commons Annotations {5.1.0.Final}
2019-08-12 16:22:48,160 INFO org.hibernate.dialect.Dialect [main] HHH000400: Using dialect: org.hibernate.dialect.H2Dialect
2019-08-12 16:22:48,559 INFO org.hibernate.engine.transaction.jta.platform.internal.JtaPlatformInitiator [main] HHH000490: Using JtaPlatform implementation: [org.hibernate.engine.transaction.jta.platform.internal.NoJtaPlatform]
2019-08-12 16:22:49,002 INFO bb.he.example.h2noob.H2noobApplication [main] Started H2noobApplication in 2.188 seconds (JVM running for 2.415)
2019-08-12 16:23:05,742 INFO org.apache.catalina.core.ContainerBase.[Tomcat].[localhost].[/] [http-nio-8080-exec-1] Initializing Spring DispatcherServlet 'dispatcherServlet'
2019-08-12 16:23:05,822 INFO bb.he.example.h2noob.controller.UserController [http-nio-8080-exec-1] RequestBod:=>
2019-08-12 16:23:18,740 INFO bb.he.example.h2noob.controller.UserController [http-nio-8080-exec-3] RequestBod:=>
2019-08-12 16:23:18,743 INFO bb.he.example.h2noob.service.UserService [http-nio-8080-exec-3] ##########################################
2019-08-12 16:24:10,851 INFO org.hibernate.tool.schema.internal.SchemaDropperImpl$DelayedDropActionImpl [Thread-4] HHH000477: Starting delayed evictData of schema as part of SessionFactory shut-down'
2019-08-12 16:24:10,856 INFO com.zaxxer.hikari.HikariDataSource [Thread-4] HikariPool-1 - Shutdown initiated...
2019-08-12 16:24:10,860 INFO com.zaxxer.hikari.HikariDataSource [Thread-4] HikariPool-1 - Shutdown completed.
2019-08-12 16:32:26,543 INFO bb.he.example.h2noob.H2noobApplication [main] Starting H2noobApplication on issam-Latitude-7490 with PID 13455 (/home/issam/Desktop/h2noob/target/classes started by issam in /home/issam/Desktop/h2noob)
2019-08-12 16:32:26,545 INFO bb.he.example.h2noob.H2noobApplication [main] No active profile set, falling back to default profiles: default
2019-08-12 16:32:27,232 INFO org.apache.catalina.core.StandardService [main] Starting service [Tomcat]
2019-08-12 16:32:27,232 INFO org.apache.catalina.core.StandardEngine [main] Starting Servlet engine: [Apache Tomcat/9.0.22]
2019-08-12 16:32:27,277 INFO org.apache.catalina.core.ContainerBase.[Tomcat].[localhost].[/] [main] Initializing Spring embedded WebApplicationContext
2019-08-12 16:32:27,307 INFO com.zaxxer.hikari.HikariDataSource [main] HikariPool-1 - Starting...
2019-08-12 16:32:27,369 INFO com.zaxxer.hikari.HikariDataSource [main] HikariPool-1 - Start completed.
2019-08-12 16:32:27,449 INFO org.hibernate.jpa.internal.util.LogHelper [main] HHH000204: Processing PersistenceUnitInfo [name: default]
2019-08-12 16:32:27,485 INFO org.hibernate.Version [main] HHH000412: Hibernate Core {5.4.4.Final}
2019-08-12 16:32:27,555 INFO org.hibernate.annotations.common.Version [main] HCANN000001: Hibernate Commons Annotations {5.1.0.Final}
2019-08-12 16:32:27,606 INFO org.hibernate.dialect.Dialect [main] HHH000400: Using dialect: org.hibernate.dialect.H2Dialect
2019-08-12 16:32:27,986 INFO org.hibernate.engine.transaction.jta.platform.internal.JtaPlatformInitiator [main] HHH000490: Using JtaPlatform implementation: [org.hibernate.engine.transaction.jta.platform.internal.NoJtaPlatform]
2019-08-12 16:32:28,406 INFO bb.he.example.h2noob.H2noobApplication [main] Started H2noobApplication in 2.091 seconds (JVM running for 2.294)
2019-08-12 16:32:32,710 INFO org.apache.catalina.core.ContainerBase.[Tomcat].[localhost].[/] [http-nio-8080-exec-2] Initializing Spring DispatcherServlet 'dispatcherServlet'
2019-08-12 16:32:32,828 INFO bb.he.example.h2noob.controller.UserController [http-nio-8080-exec-2] RequestBod:=>
2019-08-12 16:32:55,627 INFO bb.he.example.h2noob.controller.UserController [http-nio-8080-exec-3] RequestBod:=>
2019-08-12 16:32:55,631 INFO bb.he.example.h2noob.service.UserService [http-nio-8080-exec-3] ## RoleExists
2019-08-12 16:33:23,781 INFO org.hibernate.tool.schema.internal.SchemaDropperImpl$DelayedDropActionImpl [Thread-4] HHH000477: Starting delayed evictData of schema as part of SessionFactory shut-down'
2019-08-12 16:33:23,786 INFO com.zaxxer.hikari.HikariDataSource [Thread-4] HikariPool-1 - Shutdown initiated...
2019-08-12 16:33:23,789 INFO com.zaxxer.hikari.HikariDataSource [Thread-4] HikariPool-1 - Shutdown completed.
2019-08-12 16:36:40,753 INFO bb.he.example.h2noob.H2noobApplication [main] Starting H2noobApplication on issam-Latitude-7490 with PID 13854 (/home/issam/Desktop/h2noob/target/classes started by issam in /home/issam/Desktop/h2noob)
2019-08-12 16:36:40,756 INFO bb.he.example.h2noob.H2noobApplication [main] No active profile set, falling back to default profiles: default
2019-08-12 16:36:41,628 INFO org.apache.catalina.core.StandardService [main] Starting service [Tomcat]
2019-08-12 16:36:41,628 INFO org.apache.catalina.core.StandardEngine [main] Starting Servlet engine: [Apache Tomcat/9.0.22]
2019-08-12 16:36:41,679 INFO org.apache.catalina.core.ContainerBase.[Tomcat].[localhost].[/] [main] Initializing Spring embedded WebApplicationContext
2019-08-12 16:36:41,712 INFO com.zaxxer.hikari.HikariDataSource [main] HikariPool-1 - Starting...
2019-08-12 16:36:41,774 INFO com.zaxxer.hikari.HikariDataSource [main] HikariPool-1 - Start completed.
2019-08-12 16:36:41,851 INFO org.hibernate.jpa.internal.util.LogHelper [main] HHH000204: Processing PersistenceUnitInfo [name: default]
2019-08-12 16:36:41,887 INFO org.hibernate.Version [main] HHH000412: Hibernate Core {5.4.4.Final}
2019-08-12 16:36:41,953 INFO org.hibernate.annotations.common.Version [main] HCANN000001: Hibernate Commons Annotations {5.1.0.Final}
2019-08-12 16:36:42,002 INFO org.hibernate.dialect.Dialect [main] HHH000400: Using dialect: org.hibernate.dialect.H2Dialect
2019-08-12 16:36:42,402 INFO org.hibernate.engine.transaction.jta.platform.internal.JtaPlatformInitiator [main] HHH000490: Using JtaPlatform implementation: [org.hibernate.engine.transaction.jta.platform.internal.NoJtaPlatform]
2019-08-12 16:36:42,931 INFO bb.he.example.h2noob.H2noobApplication [main] Started H2noobApplication in 2.427 seconds (JVM running for 2.677)
2019-08-12 16:36:58,156 INFO org.apache.catalina.core.ContainerBase.[Tomcat].[localhost].[/] [http-nio-8080-exec-1] Initializing Spring DispatcherServlet 'dispatcherServlet'
2019-08-12 16:36:58,225 INFO bb.he.example.h2noob.controller.UserController [http-nio-8080-exec-1] RequestBod:=>
2019-08-12 16:37:25,831 INFO bb.he.example.h2noob.controller.UserController [http-nio-8080-exec-3] RequestBod:=>
2019-08-12 16:37:25,833 INFO bb.he.example.h2noob.service.UserService [http-nio-8080-exec-3] ## RoleExists
2019-08-12 16:37:37,527 INFO bb.he.example.h2noob.controller.UserController [http-nio-8080-exec-4] RequestBod:=>
2019-08-12 16:37:37,541 ERROR org.apache.catalina.core.ContainerBase.[Tomcat].[localhost].[/].[dispatcherServlet] [http-nio-8080-exec-4] Servlet.service() for servlet [dispatcherServlet] in context with path [] threw exception [Request processing failed; nested exception is java.lang.IllegalArgumentException: username or Email is already in User!!] with root cause
java.lang.IllegalArgumentException: username or Email is already in User!!
	at bb.he.example.h2noob.service.UserService.save(UserService.java:29)
	at bb.he.example.h2noob.controller.UserController.save(UserController.java:38)
	at sun.reflect.NativeMethodAccessorImpl.invoke0(Native Method)
	at sun.reflect.NativeMethodAccessorImpl.invoke(NativeMethodAccessorImpl.java:62)
	at sun.reflect.DelegatingMethodAccessorImpl.invoke(DelegatingMethodAccessorImpl.java:43)
	at java.lang.reflect.Method.invoke(Method.java:498)
	at org.springframework.web.method.support.InvocableHandlerMethod.doInvoke(InvocableHandlerMethod.java:190)
	at org.springframework.web.method.support.InvocableHandlerMethod.invokeForRequest(InvocableHandlerMethod.java:138)
	at org.springframework.web.servlet.mvc.method.annotation.ServletInvocableHandlerMethod.invokeAndHandle(ServletInvocableHandlerMethod.java:105)
	at org.springframework.web.servlet.mvc.method.annotation.RequestMappingHandlerAdapter.invokeHandlerMethod(RequestMappingHandlerAdapter.java:887)
	at org.springframework.web.servlet.mvc.method.annotation.RequestMappingHandlerAdapter.handleInternal(RequestMappingHandlerAdapter.java:792)
	at org.springframework.web.servlet.mvc.method.AbstractHandlerMethodAdapter.handle(AbstractHandlerMethodAdapter.java:87)
	at org.springframework.web.servlet.DispatcherServlet.doDispatch(DispatcherServlet.java:1039)
	at org.springframework.web.servlet.DispatcherServlet.doService(DispatcherServlet.java:942)
	at org.springframework.web.servlet.FrameworkServlet.processRequest(FrameworkServlet.java:1005)
	at org.springframework.web.servlet.FrameworkServlet.doPost(FrameworkServlet.java:908)
	at javax.servlet.http.HttpServlet.service(HttpServlet.java:660)
	at org.springframework.web.servlet.FrameworkServlet.service(FrameworkServlet.java:882)
	at javax.servlet.http.HttpServlet.service(HttpServlet.java:741)
	at org.apache.catalina.core.ApplicationFilterChain.internalDoFilter(ApplicationFilterChain.java:231)
	at org.apache.catalina.core.ApplicationFilterChain.doFilter(ApplicationFilterChain.java:166)
	at org.apache.tomcat.websocket.server.WsFilter.doFilter(WsFilter.java:53)
	at org.apache.catalina.core.ApplicationFilterChain.internalDoFilter(ApplicationFilterChain.java:193)
	at org.apache.catalina.core.ApplicationFilterChain.doFilter(ApplicationFilterChain.java:166)
	at org.springframework.web.filter.RequestContextFilter.doFilterInternal(RequestContextFilter.java:99)
	at org.springframework.web.filter.OncePerRequestFilter.doFilter(OncePerRequestFilter.java:118)
	at org.apache.catalina.core.ApplicationFilterChain.internalDoFilter(ApplicationFilterChain.java:193)
	at org.apache.catalina.core.ApplicationFilterChain.doFilter(ApplicationFilterChain.java:166)
	at org.springframework.web.filter.FormContentFilter.doFilterInternal(FormContentFilter.java:92)
	at org.springframework.web.filter.OncePerRequestFilter.doFilter(OncePerRequestFilter.java:118)
	at org.apache.catalina.core.ApplicationFilterChain.internalDoFilter(ApplicationFilterChain.java:193)
	at org.apache.catalina.core.ApplicationFilterChain.doFilter(ApplicationFilterChain.java:166)
	at org.springframework.web.filter.CharacterEncodingFilter.doFilterInternal(CharacterEncodingFilter.java:200)
	at org.springframework.web.filter.OncePerRequestFilter.doFilter(OncePerRequestFilter.java:118)
	at org.apache.catalina.core.ApplicationFilterChain.internalDoFilter(ApplicationFilterChain.java:193)
	at org.apache.catalina.core.ApplicationFilterChain.doFilter(ApplicationFilterChain.java:166)
	at org.apache.catalina.core.StandardWrapperValve.invoke(StandardWrapperValve.java:202)
	at org.apache.catalina.core.StandardContextValve.invoke(StandardContextValve.java:96)
	at org.apache.catalina.authenticator.AuthenticatorBase.invoke(AuthenticatorBase.java:490)
	at org.apache.catalina.core.StandardHostValve.invoke(StandardHostValve.java:139)
	at org.apache.catalina.valves.ErrorReportValve.invoke(ErrorReportValve.java:92)
	at org.apache.catalina.core.StandardEngineValve.invoke(StandardEngineValve.java:74)
	at org.apache.catalina.connector.CoyoteAdapter.service(CoyoteAdapter.java:343)
	at org.apache.coyote.http11.Http11Processor.service(Http11Processor.java:408)
	at org.apache.coyote.AbstractProcessorLight.process(AbstractProcessorLight.java:66)
	at org.apache.coyote.AbstractProtocol$ConnectionHandler.process(AbstractProtocol.java:853)
	at org.apache.tomcat.util.net.NioEndpoint$SocketProcessor.doRun(NioEndpoint.java:1587)
	at org.apache.tomcat.util.net.SocketProcessorBase.run(SocketProcessorBase.java:49)
	at java.util.concurrent.ThreadPoolExecutor.runWorker(ThreadPoolExecutor.java:1149)
	at java.util.concurrent.ThreadPoolExecutor$Worker.run(ThreadPoolExecutor.java:624)
	at org.apache.tomcat.util.threads.TaskThread$WrappingRunnable.run(TaskThread.java:61)
	at java.lang.Thread.run(Thread.java:748)
2019-08-12 16:37:48,148 INFO bb.he.example.h2noob.controller.UserController [http-nio-8080-exec-6] RequestBod:=>
2019-08-12 16:47:32,111 INFO org.hibernate.tool.schema.internal.SchemaDropperImpl$DelayedDropActionImpl [Thread-4] HHH000477: Starting delayed evictData of schema as part of SessionFactory shut-down'
2019-08-12 16:47:32,126 INFO com.zaxxer.hikari.HikariDataSource [Thread-4] HikariPool-1 - Shutdown initiated...
2019-08-12 16:47:32,135 INFO com.zaxxer.hikari.HikariDataSource [Thread-4] HikariPool-1 - Shutdown completed.
2019-08-12 16:47:38,345 INFO bb.he.example.h2noob.H2noobApplication [main] Starting H2noobApplication on issam-Latitude-7490 with PID 14669 (/home/issam/Desktop/h2noob/target/classes started by issam in /home/issam/Desktop/h2noob)
2019-08-12 16:47:38,347 INFO bb.he.example.h2noob.H2noobApplication [main] No active profile set, falling back to default profiles: default
2019-08-12 16:47:39,062 INFO org.apache.catalina.core.StandardService [main] Starting service [Tomcat]
2019-08-12 16:47:39,062 INFO org.apache.catalina.core.StandardEngine [main] Starting Servlet engine: [Apache Tomcat/9.0.22]
2019-08-12 16:47:39,112 INFO org.apache.catalina.core.ContainerBase.[Tomcat].[localhost].[/] [main] Initializing Spring embedded WebApplicationContext
2019-08-12 16:47:39,143 INFO com.zaxxer.hikari.HikariDataSource [main] HikariPool-1 - Starting...
2019-08-12 16:47:39,206 INFO com.zaxxer.hikari.HikariDataSource [main] HikariPool-1 - Start completed.
2019-08-12 16:47:39,293 INFO org.hibernate.jpa.internal.util.LogHelper [main] HHH000204: Processing PersistenceUnitInfo [name: default]
2019-08-12 16:47:39,336 INFO org.hibernate.Version [main] HHH000412: Hibernate Core {5.4.4.Final}
2019-08-12 16:47:39,400 INFO org.hibernate.annotations.common.Version [main] HCANN000001: Hibernate Commons Annotations {5.1.0.Final}
2019-08-12 16:47:39,488 INFO org.hibernate.dialect.Dialect [main] HHH000400: Using dialect: org.hibernate.dialect.H2Dialect
2019-08-12 16:47:39,847 INFO org.hibernate.engine.transaction.jta.platform.internal.JtaPlatformInitiator [main] HHH000490: Using JtaPlatform implementation: [org.hibernate.engine.transaction.jta.platform.internal.NoJtaPlatform]
2019-08-12 16:47:40,385 INFO bb.he.example.h2noob.H2noobApplication [main] Started H2noobApplication in 2.284 seconds (JVM running for 2.532)
2019-08-12 16:47:43,597 INFO org.apache.catalina.core.ContainerBase.[Tomcat].[localhost].[/] [http-nio-8080-exec-2] Initializing Spring DispatcherServlet 'dispatcherServlet'
2019-08-12 16:50:22,872 INFO org.hibernate.tool.schema.internal.SchemaDropperImpl$DelayedDropActionImpl [Thread-4] HHH000477: Starting delayed evictData of schema as part of SessionFactory shut-down'
2019-08-12 16:50:22,877 INFO com.zaxxer.hikari.HikariDataSource [Thread-4] HikariPool-1 - Shutdown initiated...
2019-08-12 16:50:22,881 INFO com.zaxxer.hikari.HikariDataSource [Thread-4] HikariPool-1 - Shutdown completed.
2019-08-12 16:50:28,964 INFO bb.he.example.h2noob.H2noobApplication [main] Starting H2noobApplication on issam-Latitude-7490 with PID 14943 (/home/issam/Desktop/h2noob/target/classes started by issam in /home/issam/Desktop/h2noob)
2019-08-12 16:50:28,965 INFO bb.he.example.h2noob.H2noobApplication [main] No active profile set, falling back to default profiles: default
2019-08-12 16:50:29,687 INFO org.apache.catalina.core.StandardService [main] Starting service [Tomcat]
2019-08-12 16:50:29,688 INFO org.apache.catalina.core.StandardEngine [main] Starting Servlet engine: [Apache Tomcat/9.0.22]
2019-08-12 16:50:29,737 INFO org.apache.catalina.core.ContainerBase.[Tomcat].[localhost].[/] [main] Initializing Spring embedded WebApplicationContext
2019-08-12 16:50:29,771 INFO com.zaxxer.hikari.HikariDataSource [main] HikariPool-1 - Starting...
2019-08-12 16:50:29,834 INFO com.zaxxer.hikari.HikariDataSource [main] HikariPool-1 - Start completed.
2019-08-12 16:50:29,934 INFO org.hibernate.jpa.internal.util.LogHelper [main] HHH000204: Processing PersistenceUnitInfo [name: default]
2019-08-12 16:50:29,972 INFO org.hibernate.Version [main] HHH000412: Hibernate Core {5.4.4.Final}
2019-08-12 16:50:30,035 INFO org.hibernate.annotations.common.Version [main] HCANN000001: Hibernate Commons Annotations {5.1.0.Final}
2019-08-12 16:50:30,119 INFO org.hibernate.dialect.Dialect [main] HHH000400: Using dialect: org.hibernate.dialect.H2Dialect
2019-08-12 16:50:30,463 INFO org.hibernate.engine.transaction.jta.platform.internal.JtaPlatformInitiator [main] HHH000490: Using JtaPlatform implementation: [org.hibernate.engine.transaction.jta.platform.internal.NoJtaPlatform]
2019-08-12 16:50:30,976 INFO bb.he.example.h2noob.H2noobApplication [main] Started H2noobApplication in 2.258 seconds (JVM running for 2.482)
2019-08-12 16:51:14,046 INFO org.apache.catalina.core.ContainerBase.[Tomcat].[localhost].[/] [http-nio-8080-exec-2] Initializing Spring DispatcherServlet 'dispatcherServlet'
2019-08-12 16:51:43,491 INFO org.hibernate.tool.schema.internal.SchemaDropperImpl$DelayedDropActionImpl [Thread-4] HHH000477: Starting delayed evictData of schema as part of SessionFactory shut-down'
2019-08-12 16:51:43,496 INFO com.zaxxer.hikari.HikariDataSource [Thread-4] HikariPool-1 - Shutdown initiated...
2019-08-12 16:51:43,499 INFO com.zaxxer.hikari.HikariDataSource [Thread-4] HikariPool-1 - Shutdown completed.
2019-08-12 16:51:48,781 INFO bb.he.example.h2noob.H2noobApplication [main] Starting H2noobApplication on issam-Latitude-7490 with PID 15083 (/home/issam/Desktop/h2noob/target/classes started by issam in /home/issam/Desktop/h2noob)
2019-08-12 16:51:48,782 INFO bb.he.example.h2noob.H2noobApplication [main] No active profile set, falling back to default profiles: default
2019-08-12 16:51:49,465 INFO org.apache.catalina.core.StandardService [main] Starting service [Tomcat]
2019-08-12 16:51:49,465 INFO org.apache.catalina.core.StandardEngine [main] Starting Servlet engine: [Apache Tomcat/9.0.22]
2019-08-12 16:51:49,509 INFO org.apache.catalina.core.ContainerBase.[Tomcat].[localhost].[/] [main] Initializing Spring embedded WebApplicationContext
2019-08-12 16:51:49,537 INFO com.zaxxer.hikari.HikariDataSource [main] HikariPool-1 - Starting...
2019-08-12 16:51:49,597 INFO com.zaxxer.hikari.HikariDataSource [main] HikariPool-1 - Start completed.
2019-08-12 16:51:49,682 INFO org.hibernate.jpa.internal.util.LogHelper [main] HHH000204: Processing PersistenceUnitInfo [name: default]
2019-08-12 16:51:49,723 INFO org.hibernate.Version [main] HHH000412: Hibernate Core {5.4.4.Final}
2019-08-12 16:51:49,780 INFO org.hibernate.annotations.common.Version [main] HCANN000001: Hibernate Commons Annotations {5.1.0.Final}
2019-08-12 16:51:49,860 INFO org.hibernate.dialect.Dialect [main] HHH000400: Using dialect: org.hibernate.dialect.H2Dialect
2019-08-12 16:51:50,198 INFO org.hibernate.engine.transaction.jta.platform.internal.JtaPlatformInitiator [main] HHH000490: Using JtaPlatform implementation: [org.hibernate.engine.transaction.jta.platform.internal.NoJtaPlatform]
2019-08-12 16:51:50,734 INFO bb.he.example.h2noob.H2noobApplication [main] Started H2noobApplication in 2.159 seconds (JVM running for 2.362)
2019-08-12 16:51:52,466 INFO org.apache.catalina.core.ContainerBase.[Tomcat].[localhost].[/] [http-nio-8080-exec-2] Initializing Spring DispatcherServlet 'dispatcherServlet'
2019-08-12 16:52:05,179 INFO org.hibernate.tool.schema.internal.SchemaDropperImpl$DelayedDropActionImpl [Thread-4] HHH000477: Starting delayed evictData of schema as part of SessionFactory shut-down'
2019-08-12 16:52:05,192 INFO com.zaxxer.hikari.HikariDataSource [Thread-4] HikariPool-1 - Shutdown initiated...
2019-08-12 16:52:05,202 INFO com.zaxxer.hikari.HikariDataSource [Thread-4] HikariPool-1 - Shutdown completed.
2019-08-12 16:52:11,194 INFO bb.he.example.h2noob.H2noobApplication [main] Starting H2noobApplication on issam-Latitude-7490 with PID 15204 (/home/issam/Desktop/h2noob/target/classes started by issam in /home/issam/Desktop/h2noob)
2019-08-12 16:52:11,196 INFO bb.he.example.h2noob.H2noobApplication [main] No active profile set, falling back to default profiles: default
2019-08-12 16:52:12,001 INFO org.apache.catalina.core.StandardService [main] Starting service [Tomcat]
2019-08-12 16:52:12,001 INFO org.apache.catalina.core.StandardEngine [main] Starting Servlet engine: [Apache Tomcat/9.0.22]
2019-08-12 16:52:12,051 INFO org.apache.catalina.core.ContainerBase.[Tomcat].[localhost].[/] [main] Initializing Spring embedded WebApplicationContext
2019-08-12 16:52:12,085 INFO com.zaxxer.hikari.HikariDataSource [main] HikariPool-1 - Starting...
2019-08-12 16:52:12,150 INFO com.zaxxer.hikari.HikariDataSource [main] HikariPool-1 - Start completed.
2019-08-12 16:52:12,246 INFO org.hibernate.jpa.internal.util.LogHelper [main] HHH000204: Processing PersistenceUnitInfo [name: default]
2019-08-12 16:52:12,290 INFO org.hibernate.Version [main] HHH000412: Hibernate Core {5.4.4.Final}
2019-08-12 16:52:12,354 INFO org.hibernate.annotations.common.Version [main] HCANN000001: Hibernate Commons Annotations {5.1.0.Final}
2019-08-12 16:52:12,439 INFO org.hibernate.dialect.Dialect [main] HHH000400: Using dialect: org.hibernate.dialect.H2Dialect
2019-08-12 16:52:12,814 INFO org.hibernate.engine.transaction.jta.platform.internal.JtaPlatformInitiator [main] HHH000490: Using JtaPlatform implementation: [org.hibernate.engine.transaction.jta.platform.internal.NoJtaPlatform]
2019-08-12 16:52:13,346 INFO bb.he.example.h2noob.H2noobApplication [main] Started H2noobApplication in 2.417 seconds (JVM running for 2.631)
2019-08-12 16:52:15,245 INFO org.apache.catalina.core.ContainerBase.[Tomcat].[localhost].[/] [http-nio-8080-exec-1] Initializing Spring DispatcherServlet 'dispatcherServlet'
2019-08-12 16:54:34,682 INFO org.hibernate.tool.schema.internal.SchemaDropperImpl$DelayedDropActionImpl [Thread-4] HHH000477: Starting delayed evictData of schema as part of SessionFactory shut-down'
2019-08-12 16:54:34,688 INFO com.zaxxer.hikari.HikariDataSource [Thread-4] HikariPool-1 - Shutdown initiated...
2019-08-12 16:54:34,691 INFO com.zaxxer.hikari.HikariDataSource [Thread-4] HikariPool-1 - Shutdown completed.
2019-08-12 16:54:38,996 INFO bb.he.example.h2noob.H2noobApplication [main] Starting H2noobApplication on issam-Latitude-7490 with PID 15465 (/home/issam/Desktop/h2noob/target/classes started by issam in /home/issam/Desktop/h2noob)
2019-08-12 16:54:38,997 INFO bb.he.example.h2noob.H2noobApplication [main] No active profile set, falling back to default profiles: default
2019-08-12 16:54:39,715 INFO org.apache.catalina.core.StandardService [main] Starting service [Tomcat]
2019-08-12 16:54:39,715 INFO org.apache.catalina.core.StandardEngine [main] Starting Servlet engine: [Apache Tomcat/9.0.22]
2019-08-12 16:54:39,762 INFO org.apache.catalina.core.ContainerBase.[Tomcat].[localhost].[/] [main] Initializing Spring embedded WebApplicationContext
2019-08-12 16:54:39,795 INFO com.zaxxer.hikari.HikariDataSource [main] HikariPool-1 - Starting...
2019-08-12 16:54:39,859 INFO com.zaxxer.hikari.HikariDataSource [main] HikariPool-1 - Start completed.
2019-08-12 16:54:39,951 INFO org.hibernate.jpa.internal.util.LogHelper [main] HHH000204: Processing PersistenceUnitInfo [name: default]
2019-08-12 16:54:39,993 INFO org.hibernate.Version [main] HHH000412: Hibernate Core {5.4.4.Final}
2019-08-12 16:54:40,053 INFO org.hibernate.annotations.common.Version [main] HCANN000001: Hibernate Commons Annotations {5.1.0.Final}
2019-08-12 16:54:40,132 INFO org.hibernate.dialect.Dialect [main] HHH000400: Using dialect: org.hibernate.dialect.H2Dialect
2019-08-12 16:54:40,476 INFO org.hibernate.engine.transaction.jta.platform.internal.JtaPlatformInitiator [main] HHH000490: Using JtaPlatform implementation: [org.hibernate.engine.transaction.jta.platform.internal.NoJtaPlatform]
2019-08-12 16:54:40,967 INFO bb.he.example.h2noob.H2noobApplication [main] Started H2noobApplication in 2.192 seconds (JVM running for 2.398)
2019-08-12 16:54:45,486 INFO org.apache.catalina.core.ContainerBase.[Tomcat].[localhost].[/] [http-nio-8080-exec-1] Initializing Spring DispatcherServlet 'dispatcherServlet'
2019-08-12 16:54:58,827 INFO org.hibernate.tool.schema.internal.SchemaDropperImpl$DelayedDropActionImpl [Thread-4] HHH000477: Starting delayed evictData of schema as part of SessionFactory shut-down'
2019-08-12 16:54:58,831 INFO com.zaxxer.hikari.HikariDataSource [Thread-4] HikariPool-1 - Shutdown initiated...
2019-08-12 16:54:58,833 INFO com.zaxxer.hikari.HikariDataSource [Thread-4] HikariPool-1 - Shutdown completed.
2019-08-12 16:56:50,491 INFO bb.he.example.h2noob.H2noobApplication [main] Starting H2noobApplication on issam-Latitude-7490 with PID 15878 (/home/issam/Desktop/h2noob/target/classes started by issam in /home/issam/Desktop/h2noob)
2019-08-12 16:56:50,492 INFO bb.he.example.h2noob.H2noobApplication [main] No active profile set, falling back to default profiles: default
2019-08-12 16:56:51,172 INFO org.apache.catalina.core.StandardService [main] Starting service [Tomcat]
2019-08-12 16:56:51,172 INFO org.apache.catalina.core.StandardEngine [main] Starting Servlet engine: [Apache Tomcat/9.0.22]
2019-08-12 16:56:51,217 INFO org.apache.catalina.core.ContainerBase.[Tomcat].[localhost].[/] [main] Initializing Spring embedded WebApplicationContext
2019-08-12 16:56:51,245 INFO com.zaxxer.hikari.HikariDataSource [main] HikariPool-1 - Starting...
2019-08-12 16:56:51,306 INFO com.zaxxer.hikari.HikariDataSource [main] HikariPool-1 - Start completed.
2019-08-12 16:56:51,391 INFO org.hibernate.jpa.internal.util.LogHelper [main] HHH000204: Processing PersistenceUnitInfo [name: default]
2019-08-12 16:56:51,432 INFO org.hibernate.Version [main] HHH000412: Hibernate Core {5.4.4.Final}
2019-08-12 16:56:51,494 INFO org.hibernate.annotations.common.Version [main] HCANN000001: Hibernate Commons Annotations {5.1.0.Final}
2019-08-12 16:56:51,577 INFO org.hibernate.dialect.Dialect [main] HHH000400: Using dialect: org.hibernate.dialect.H2Dialect
2019-08-12 16:56:51,906 INFO org.hibernate.engine.transaction.jta.platform.internal.JtaPlatformInitiator [main] HHH000490: Using JtaPlatform implementation: [org.hibernate.engine.transaction.jta.platform.internal.NoJtaPlatform]
2019-08-12 16:56:52,404 INFO bb.he.example.h2noob.H2noobApplication [main] Started H2noobApplication in 2.128 seconds (JVM running for 2.349)
2019-08-12 16:56:55,510 INFO org.apache.catalina.core.ContainerBase.[Tomcat].[localhost].[/] [http-nio-8080-exec-2] Initializing Spring DispatcherServlet 'dispatcherServlet'
2019-08-12 16:58:51,315 INFO org.hibernate.tool.schema.internal.SchemaDropperImpl$DelayedDropActionImpl [Thread-4] HHH000477: Starting delayed evictData of schema as part of SessionFactory shut-down'
2019-08-12 16:58:51,326 INFO com.zaxxer.hikari.HikariDataSource [Thread-4] HikariPool-1 - Shutdown initiated...
2019-08-12 16:58:51,328 INFO com.zaxxer.hikari.HikariDataSource [Thread-4] HikariPool-1 - Shutdown completed.
2019-08-12 16:59:05,563 INFO bb.he.example.h2noob.H2noobApplication [main] Starting H2noobApplication on issam-Latitude-7490 with PID 16115 (/home/issam/Desktop/h2noob/target/classes started by issam in /home/issam/Desktop/h2noob)
2019-08-12 16:59:05,565 INFO bb.he.example.h2noob.H2noobApplication [main] No active profile set, falling back to default profiles: default
2019-08-12 16:59:06,274 INFO org.apache.catalina.core.StandardService [main] Starting service [Tomcat]
2019-08-12 16:59:06,275 INFO org.apache.catalina.core.StandardEngine [main] Starting Servlet engine: [Apache Tomcat/9.0.22]
2019-08-12 16:59:06,320 INFO org.apache.catalina.core.ContainerBase.[Tomcat].[localhost].[/] [main] Initializing Spring embedded WebApplicationContext
2019-08-12 16:59:06,348 INFO com.zaxxer.hikari.HikariDataSource [main] HikariPool-1 - Starting...
2019-08-12 16:59:06,412 INFO com.zaxxer.hikari.HikariDataSource [main] HikariPool-1 - Start completed.
2019-08-12 16:59:06,498 INFO org.hibernate.jpa.internal.util.LogHelper [main] HHH000204: Processing PersistenceUnitInfo [name: default]
2019-08-12 16:59:06,539 INFO org.hibernate.Version [main] HHH000412: Hibernate Core {5.4.4.Final}
2019-08-12 16:59:06,600 INFO org.hibernate.annotations.common.Version [main] HCANN000001: Hibernate Commons Annotations {5.1.0.Final}
2019-08-12 16:59:06,683 INFO org.hibernate.dialect.Dialect [main] HHH000400: Using dialect: org.hibernate.dialect.H2Dialect
2019-08-12 16:59:07,025 INFO org.hibernate.engine.transaction.jta.platform.internal.JtaPlatformInitiator [main] HHH000490: Using JtaPlatform implementation: [org.hibernate.engine.transaction.jta.platform.internal.NoJtaPlatform]
2019-08-12 16:59:07,550 INFO bb.he.example.h2noob.H2noobApplication [main] Started H2noobApplication in 2.2 seconds (JVM running for 2.428)
2019-08-12 16:59:11,420 INFO org.apache.catalina.core.ContainerBase.[Tomcat].[localhost].[/] [http-nio-8080-exec-1] Initializing Spring DispatcherServlet 'dispatcherServlet'
2019-08-12 16:59:33,581 INFO org.hibernate.tool.schema.internal.SchemaDropperImpl$DelayedDropActionImpl [Thread-4] HHH000477: Starting delayed evictData of schema as part of SessionFactory shut-down'
2019-08-12 16:59:33,595 INFO com.zaxxer.hikari.HikariDataSource [Thread-4] HikariPool-1 - Shutdown initiated...
2019-08-12 16:59:33,602 INFO com.zaxxer.hikari.HikariDataSource [Thread-4] HikariPool-1 - Shutdown completed.
2019-08-12 16:59:49,701 INFO bb.he.example.h2noob.H2noobApplication [main] Starting H2noobApplication on issam-Latitude-7490 with PID 16220 (/home/issam/Desktop/h2noob/target/classes started by issam in /home/issam/Desktop/h2noob)
2019-08-12 16:59:49,704 INFO bb.he.example.h2noob.H2noobApplication [main] No active profile set, falling back to default profiles: default
2019-08-12 16:59:50,610 INFO org.apache.catalina.core.StandardService [main] Starting service [Tomcat]
2019-08-12 16:59:50,610 INFO org.apache.catalina.core.StandardEngine [main] Starting Servlet engine: [Apache Tomcat/9.0.22]
2019-08-12 16:59:50,664 INFO org.apache.catalina.core.ContainerBase.[Tomcat].[localhost].[/] [main] Initializing Spring embedded WebApplicationContext
2019-08-12 16:59:50,699 INFO com.zaxxer.hikari.HikariDataSource [main] HikariPool-1 - Starting...
2019-08-12 16:59:50,777 INFO com.zaxxer.hikari.HikariDataSource [main] HikariPool-1 - Start completed.
2019-08-12 16:59:50,889 INFO org.hibernate.jpa.internal.util.LogHelper [main] HHH000204: Processing PersistenceUnitInfo [name: default]
2019-08-12 16:59:50,930 INFO org.hibernate.Version [main] HHH000412: Hibernate Core {5.4.4.Final}
2019-08-12 16:59:51,004 INFO org.hibernate.annotations.common.Version [main] HCANN000001: Hibernate Commons Annotations {5.1.0.Final}
2019-08-12 16:59:51,097 INFO org.hibernate.dialect.Dialect [main] HHH000400: Using dialect: org.hibernate.dialect.H2Dialect
2019-08-12 16:59:51,497 INFO org.hibernate.engine.transaction.jta.platform.internal.JtaPlatformInitiator [main] HHH000490: Using JtaPlatform implementation: [org.hibernate.engine.transaction.jta.platform.internal.NoJtaPlatform]
2019-08-12 16:59:52,127 INFO bb.he.example.h2noob.H2noobApplication [main] Started H2noobApplication in 2.832 seconds (JVM running for 11.489)
2019-08-12 17:00:21,368 INFO org.apache.catalina.core.ContainerBase.[Tomcat].[localhost].[/] [http-nio-8080-exec-2] Initializing Spring DispatcherServlet 'dispatcherServlet'
2019-08-12 17:01:11,849 INFO org.hibernate.tool.schema.internal.SchemaDropperImpl$DelayedDropActionImpl [Thread-4] HHH000477: Starting delayed evictData of schema as part of SessionFactory shut-down'
2019-08-12 17:01:11,865 INFO com.zaxxer.hikari.HikariDataSource [Thread-4] HikariPool-1 - Shutdown initiated...
2019-08-12 17:01:11,876 INFO com.zaxxer.hikari.HikariDataSource [Thread-4] HikariPool-1 - Shutdown completed.
2019-08-12 17:01:23,329 INFO bb.he.example.h2noob.H2noobApplication [main] Starting H2noobApplication on issam-Latitude-7490 with PID 16404 (/home/issam/Desktop/h2noob/target/classes started by issam in /home/issam/Desktop/h2noob)
2019-08-12 17:01:23,332 INFO bb.he.example.h2noob.H2noobApplication [main] No active profile set, falling back to default profiles: default
2019-08-12 17:01:24,278 INFO org.apache.catalina.core.StandardService [main] Starting service [Tomcat]
2019-08-12 17:01:24,279 INFO org.apache.catalina.core.StandardEngine [main] Starting Servlet engine: [Apache Tomcat/9.0.22]
2019-08-12 17:01:24,332 INFO org.apache.catalina.core.ContainerBase.[Tomcat].[localhost].[/] [main] Initializing Spring embedded WebApplicationContext
2019-08-12 17:01:24,366 INFO com.zaxxer.hikari.HikariDataSource [main] HikariPool-1 - Starting...
2019-08-12 17:01:24,440 INFO com.zaxxer.hikari.HikariDataSource [main] HikariPool-1 - Start completed.
2019-08-12 17:01:24,550 INFO org.hibernate.jpa.internal.util.LogHelper [main] HHH000204: Processing PersistenceUnitInfo [name: default]
2019-08-12 17:01:24,593 INFO org.hibernate.Version [main] HHH000412: Hibernate Core {5.4.4.Final}
2019-08-12 17:01:24,670 INFO org.hibernate.annotations.common.Version [main] HCANN000001: Hibernate Commons Annotations {5.1.0.Final}
2019-08-12 17:01:24,766 INFO org.hibernate.dialect.Dialect [main] HHH000400: Using dialect: org.hibernate.dialect.H2Dialect
2019-08-12 17:01:25,163 INFO org.hibernate.engine.transaction.jta.platform.internal.JtaPlatformInitiator [main] HHH000490: Using JtaPlatform implementation: [org.hibernate.engine.transaction.jta.platform.internal.NoJtaPlatform]
2019-08-12 17:01:25,748 INFO bb.he.example.h2noob.H2noobApplication [main] Started H2noobApplication in 2.698 seconds (JVM running for 6.615)
2019-08-12 17:01:28,109 INFO org.apache.catalina.core.ContainerBase.[Tomcat].[localhost].[/] [http-nio-8080-exec-2] Initializing Spring DispatcherServlet 'dispatcherServlet'
2019-08-12 17:02:05,723 INFO org.hibernate.tool.schema.internal.SchemaDropperImpl$DelayedDropActionImpl [Thread-4] HHH000477: Starting delayed evictData of schema as part of SessionFactory shut-down'
2019-08-12 17:02:05,738 INFO com.zaxxer.hikari.HikariDataSource [Thread-4] HikariPool-1 - Shutdown initiated...
2019-08-12 17:02:05,748 INFO com.zaxxer.hikari.HikariDataSource [Thread-4] HikariPool-1 - Shutdown completed.
2019-08-12 17:02:12,850 INFO bb.he.example.h2noob.H2noobApplication [main] Starting H2noobApplication on issam-Latitude-7490 with PID 16559 (/home/issam/Desktop/h2noob/target/classes started by issam in /home/issam/Desktop/h2noob)
2019-08-12 17:02:12,852 INFO bb.he.example.h2noob.H2noobApplication [main] No active profile set, falling back to default profiles: default
2019-08-12 17:02:13,565 INFO org.apache.catalina.core.StandardService [main] Starting service [Tomcat]
2019-08-12 17:02:13,566 INFO org.apache.catalina.core.StandardEngine [main] Starting Servlet engine: [Apache Tomcat/9.0.22]
2019-08-12 17:02:13,616 INFO org.apache.catalina.core.ContainerBase.[Tomcat].[localhost].[/] [main] Initializing Spring embedded WebApplicationContext
2019-08-12 17:02:13,647 INFO com.zaxxer.hikari.HikariDataSource [main] HikariPool-1 - Starting...
2019-08-12 17:02:13,711 INFO com.zaxxer.hikari.HikariDataSource [main] HikariPool-1 - Start completed.
2019-08-12 17:02:13,810 INFO org.hibernate.jpa.internal.util.LogHelper [main] HHH000204: Processing PersistenceUnitInfo [name: default]
2019-08-12 17:02:13,846 INFO org.hibernate.Version [main] HHH000412: Hibernate Core {5.4.4.Final}
2019-08-12 17:02:13,911 INFO org.hibernate.annotations.common.Version [main] HCANN000001: Hibernate Commons Annotations {5.1.0.Final}
2019-08-12 17:02:13,998 INFO org.hibernate.dialect.Dialect [main] HHH000400: Using dialect: org.hibernate.dialect.H2Dialect
2019-08-12 17:02:14,387 INFO org.hibernate.engine.transaction.jta.platform.internal.JtaPlatformInitiator [main] HHH000490: Using JtaPlatform implementation: [org.hibernate.engine.transaction.jta.platform.internal.NoJtaPlatform]
2019-08-12 17:02:14,927 INFO bb.he.example.h2noob.H2noobApplication [main] Started H2noobApplication in 2.329 seconds (JVM running for 2.581)
2019-08-12 17:02:17,740 INFO org.apache.catalina.core.ContainerBase.[Tomcat].[localhost].[/] [http-nio-8080-exec-2] Initializing Spring DispatcherServlet 'dispatcherServlet'
2019-08-12 17:03:09,031 INFO org.hibernate.tool.schema.internal.SchemaDropperImpl$DelayedDropActionImpl [Thread-4] HHH000477: Starting delayed evictData of schema as part of SessionFactory shut-down'
2019-08-12 17:03:09,046 INFO com.zaxxer.hikari.HikariDataSource [Thread-4] HikariPool-1 - Shutdown initiated...
2019-08-12 17:03:09,054 INFO com.zaxxer.hikari.HikariDataSource [Thread-4] HikariPool-1 - Shutdown completed.
2019-08-12 17:03:19,066 INFO bb.he.example.h2noob.H2noobApplication [main] Starting H2noobApplication on issam-Latitude-7490 with PID 16710 (/home/issam/Desktop/h2noob/target/classes started by issam in /home/issam/Desktop/h2noob)
2019-08-12 17:03:19,068 INFO bb.he.example.h2noob.H2noobApplication [main] No active profile set, falling back to default profiles: default
2019-08-12 17:03:19,931 INFO org.apache.catalina.core.StandardService [main] Starting service [Tomcat]
2019-08-12 17:03:19,931 INFO org.apache.catalina.core.StandardEngine [main] Starting Servlet engine: [Apache Tomcat/9.0.22]
2019-08-12 17:03:19,981 INFO org.apache.catalina.core.ContainerBase.[Tomcat].[localhost].[/] [main] Initializing Spring embedded WebApplicationContext
2019-08-12 17:03:20,013 INFO com.zaxxer.hikari.HikariDataSource [main] HikariPool-1 - Starting...
2019-08-12 17:03:20,082 INFO com.zaxxer.hikari.HikariDataSource [main] HikariPool-1 - Start completed.
2019-08-12 17:03:20,185 INFO org.hibernate.jpa.internal.util.LogHelper [main] HHH000204: Processing PersistenceUnitInfo [name: default]
2019-08-12 17:03:20,223 INFO org.hibernate.Version [main] HHH000412: Hibernate Core {5.4.4.Final}
2019-08-12 17:03:20,293 INFO org.hibernate.annotations.common.Version [main] HCANN000001: Hibernate Commons Annotations {5.1.0.Final}
2019-08-12 17:03:20,386 INFO org.hibernate.dialect.Dialect [main] HHH000400: Using dialect: org.hibernate.dialect.H2Dialect
2019-08-12 17:03:20,777 INFO org.hibernate.engine.transaction.jta.platform.internal.JtaPlatformInitiator [main] HHH000490: Using JtaPlatform implementation: [org.hibernate.engine.transaction.jta.platform.internal.NoJtaPlatform]
2019-08-12 17:03:21,391 INFO bb.he.example.h2noob.H2noobApplication [main] Started H2noobApplication in 2.664 seconds (JVM running for 6.067)
2019-08-12 17:03:48,208 INFO org.hibernate.tool.schema.internal.SchemaDropperImpl$DelayedDropActionImpl [Thread-4] HHH000477: Starting delayed evictData of schema as part of SessionFactory shut-down'
2019-08-12 17:03:48,216 INFO com.zaxxer.hikari.HikariDataSource [Thread-4] HikariPool-1 - Shutdown initiated...
2019-08-12 17:03:48,220 INFO com.zaxxer.hikari.HikariDataSource [Thread-4] HikariPool-1 - Shutdown completed.
2019-08-12 17:03:55,058 INFO bb.he.example.h2noob.H2noobApplication [main] Starting H2noobApplication on issam-Latitude-7490 with PID 16830 (/home/issam/Desktop/h2noob/target/classes started by issam in /home/issam/Desktop/h2noob)
2019-08-12 17:03:55,060 INFO bb.he.example.h2noob.H2noobApplication [main] No active profile set, falling back to default profiles: default
2019-08-12 17:03:55,769 INFO org.apache.catalina.core.StandardService [main] Starting service [Tomcat]
2019-08-12 17:03:55,770 INFO org.apache.catalina.core.StandardEngine [main] Starting Servlet engine: [Apache Tomcat/9.0.22]
2019-08-12 17:03:55,823 INFO org.apache.catalina.core.ContainerBase.[Tomcat].[localhost].[/] [main] Initializing Spring embedded WebApplicationContext
2019-08-12 17:03:55,857 INFO com.zaxxer.hikari.HikariDataSource [main] HikariPool-1 - Starting...
2019-08-12 17:03:55,920 INFO com.zaxxer.hikari.HikariDataSource [main] HikariPool-1 - Start completed.
2019-08-12 17:03:56,007 INFO org.hibernate.jpa.internal.util.LogHelper [main] HHH000204: Processing PersistenceUnitInfo [name: default]
2019-08-12 17:03:56,051 INFO org.hibernate.Version [main] HHH000412: Hibernate Core {5.4.4.Final}
2019-08-12 17:03:56,119 INFO org.hibernate.annotations.common.Version [main] HCANN000001: Hibernate Commons Annotations {5.1.0.Final}
2019-08-12 17:03:56,207 INFO org.hibernate.dialect.Dialect [main] HHH000400: Using dialect: org.hibernate.dialect.H2Dialect
2019-08-12 17:03:56,553 INFO org.hibernate.engine.transaction.jta.platform.internal.JtaPlatformInitiator [main] HHH000490: Using JtaPlatform implementation: [org.hibernate.engine.transaction.jta.platform.internal.NoJtaPlatform]
2019-08-12 17:03:57,092 INFO bb.he.example.h2noob.H2noobApplication [main] Started H2noobApplication in 2.267 seconds (JVM running for 2.529)
2019-08-12 17:03:59,050 INFO org.apache.catalina.core.ContainerBase.[Tomcat].[localhost].[/] [http-nio-8080-exec-2] Initializing Spring DispatcherServlet 'dispatcherServlet'
2019-08-12 17:04:05,396 INFO org.hibernate.tool.schema.internal.SchemaDropperImpl$DelayedDropActionImpl [Thread-4] HHH000477: Starting delayed evictData of schema as part of SessionFactory shut-down'
2019-08-12 17:04:05,403 INFO com.zaxxer.hikari.HikariDataSource [Thread-4] HikariPool-1 - Shutdown initiated...
2019-08-12 17:04:05,406 INFO com.zaxxer.hikari.HikariDataSource [Thread-4] HikariPool-1 - Shutdown completed.
2019-08-12 17:04:20,160 INFO bb.he.example.h2noob.H2noobApplication [main] Starting H2noobApplication on issam-Latitude-7490 with PID 16943 (/home/issam/Desktop/h2noob/target/classes started by issam in /home/issam/Desktop/h2noob)
2019-08-12 17:04:20,163 INFO bb.he.example.h2noob.H2noobApplication [main] No active profile set, falling back to default profiles: default
2019-08-12 17:04:21,024 INFO org.apache.catalina.core.StandardService [main] Starting service [Tomcat]
2019-08-12 17:04:21,025 INFO org.apache.catalina.core.StandardEngine [main] Starting Servlet engine: [Apache Tomcat/9.0.22]
2019-08-12 17:04:21,075 INFO org.apache.catalina.core.ContainerBase.[Tomcat].[localhost].[/] [main] Initializing Spring embedded WebApplicationContext
2019-08-12 17:04:21,108 INFO com.zaxxer.hikari.HikariDataSource [main] HikariPool-1 - Starting...
2019-08-12 17:04:21,181 INFO com.zaxxer.hikari.HikariDataSource [main] HikariPool-1 - Start completed.
2019-08-12 17:04:21,288 INFO org.hibernate.jpa.internal.util.LogHelper [main] HHH000204: Processing PersistenceUnitInfo [name: default]
2019-08-12 17:04:21,327 INFO org.hibernate.Version [main] HHH000412: Hibernate Core {5.4.4.Final}
2019-08-12 17:04:21,400 INFO org.hibernate.annotations.common.Version [main] HCANN000001: Hibernate Commons Annotations {5.1.0.Final}
2019-08-12 17:04:21,497 INFO org.hibernate.dialect.Dialect [main] HHH000400: Using dialect: org.hibernate.dialect.H2Dialect
2019-08-12 17:04:21,911 INFO org.hibernate.engine.transaction.jta.platform.internal.JtaPlatformInitiator [main] HHH000490: Using JtaPlatform implementation: [org.hibernate.engine.transaction.jta.platform.internal.NoJtaPlatform]
2019-08-12 17:04:22,577 INFO bb.he.example.h2noob.H2noobApplication [main] Started H2noobApplication in 2.696 seconds (JVM running for 11.952)
2019-08-12 17:04:24,540 INFO org.apache.catalina.core.ContainerBase.[Tomcat].[localhost].[/] [http-nio-8080-exec-2] Initializing Spring DispatcherServlet 'dispatcherServlet'
2019-08-12 17:07:50,342 INFO org.hibernate.tool.schema.internal.SchemaDropperImpl$DelayedDropActionImpl [Thread-4] HHH000477: Starting delayed evictData of schema as part of SessionFactory shut-down'
2019-08-12 17:07:50,349 INFO com.zaxxer.hikari.HikariDataSource [Thread-4] HikariPool-1 - Shutdown initiated...
2019-08-12 17:07:50,352 INFO com.zaxxer.hikari.HikariDataSource [Thread-4] HikariPool-1 - Shutdown completed.
2019-08-12 17:08:06,557 INFO bb.he.example.h2noob.H2noobApplication [main] Starting H2noobApplication on issam-Latitude-7490 with PID 17177 (/home/issam/Desktop/h2noob/target/classes started by issam in /home/issam/Desktop/h2noob)
2019-08-12 17:08:06,559 INFO bb.he.example.h2noob.H2noobApplication [main] No active profile set, falling back to default profiles: default
2019-08-12 17:08:07,276 INFO org.apache.catalina.core.StandardService [main] Starting service [Tomcat]
2019-08-12 17:08:07,276 INFO org.apache.catalina.core.StandardEngine [main] Starting Servlet engine: [Apache Tomcat/9.0.22]
2019-08-12 17:08:07,323 INFO org.apache.catalina.core.ContainerBase.[Tomcat].[localhost].[/] [main] Initializing Spring embedded WebApplicationContext
2019-08-12 17:08:07,354 INFO com.zaxxer.hikari.HikariDataSource [main] HikariPool-1 - Starting...
2019-08-12 17:08:07,417 INFO com.zaxxer.hikari.HikariDataSource [main] HikariPool-1 - Start completed.
2019-08-12 17:08:07,503 INFO org.hibernate.jpa.internal.util.LogHelper [main] HHH000204: Processing PersistenceUnitInfo [name: default]
2019-08-12 17:08:07,545 INFO org.hibernate.Version [main] HHH000412: Hibernate Core {5.4.4.Final}
2019-08-12 17:08:07,605 INFO org.hibernate.annotations.common.Version [main] HCANN000001: Hibernate Commons Annotations {5.1.0.Final}
2019-08-12 17:08:07,687 INFO org.hibernate.dialect.Dialect [main] HHH000400: Using dialect: org.hibernate.dialect.H2Dialect
2019-08-12 17:08:08,041 INFO org.hibernate.engine.transaction.jta.platform.internal.JtaPlatformInitiator [main] HHH000490: Using JtaPlatform implementation: [org.hibernate.engine.transaction.jta.platform.internal.NoJtaPlatform]
2019-08-12 17:08:08,571 INFO bb.he.example.h2noob.H2noobApplication [main] Started H2noobApplication in 2.248 seconds (JVM running for 2.535)
2019-08-12 17:09:02,802 INFO org.apache.catalina.core.ContainerBase.[Tomcat].[localhost].[/] [http-nio-8080-exec-1] Initializing Spring DispatcherServlet 'dispatcherServlet'
2019-08-12 17:11:21,468 INFO org.hibernate.tool.schema.internal.SchemaDropperImpl$DelayedDropActionImpl [Thread-4] HHH000477: Starting delayed evictData of schema as part of SessionFactory shut-down'
2019-08-12 17:11:21,474 INFO com.zaxxer.hikari.HikariDataSource [Thread-4] HikariPool-1 - Shutdown initiated...
2019-08-12 17:11:21,476 INFO com.zaxxer.hikari.HikariDataSource [Thread-4] HikariPool-1 - Shutdown completed.
2019-08-12 17:11:26,966 INFO bb.he.example.h2noob.H2noobApplication [main] Starting H2noobApplication on issam-Latitude-7490 with PID 17428 (/home/issam/Desktop/h2noob/target/classes started by issam in /home/issam/Desktop/h2noob)
2019-08-12 17:11:26,968 INFO bb.he.example.h2noob.H2noobApplication [main] No active profile set, falling back to default profiles: default
2019-08-12 17:11:27,731 INFO org.apache.catalina.core.StandardService [main] Starting service [Tomcat]
2019-08-12 17:11:27,731 INFO org.apache.catalina.core.StandardEngine [main] Starting Servlet engine: [Apache Tomcat/9.0.22]
2019-08-12 17:11:27,780 INFO org.apache.catalina.core.ContainerBase.[Tomcat].[localhost].[/] [main] Initializing Spring embedded WebApplicationContext
2019-08-12 17:11:27,811 INFO com.zaxxer.hikari.HikariDataSource [main] HikariPool-1 - Starting...
2019-08-12 17:11:27,876 INFO com.zaxxer.hikari.HikariDataSource [main] HikariPool-1 - Start completed.
2019-08-12 17:11:27,969 INFO org.hibernate.jpa.internal.util.LogHelper [main] HHH000204: Processing PersistenceUnitInfo [name: default]
2019-08-12 17:11:28,013 INFO org.hibernate.Version [main] HHH000412: Hibernate Core {5.4.4.Final}
2019-08-12 17:11:28,079 INFO org.hibernate.annotations.common.Version [main] HCANN000001: Hibernate Commons Annotations {5.1.0.Final}
2019-08-12 17:11:28,167 INFO org.hibernate.dialect.Dialect [main] HHH000400: Using dialect: org.hibernate.dialect.H2Dialect
2019-08-12 17:11:28,556 INFO org.hibernate.engine.transaction.jta.platform.internal.JtaPlatformInitiator [main] HHH000490: Using JtaPlatform implementation: [org.hibernate.engine.transaction.jta.platform.internal.NoJtaPlatform]
2019-08-12 17:11:29,122 INFO bb.he.example.h2noob.H2noobApplication [main] Started H2noobApplication in 2.38 seconds (JVM running for 2.591)
2019-08-12 17:11:31,413 INFO org.apache.catalina.core.ContainerBase.[Tomcat].[localhost].[/] [http-nio-8080-exec-2] Initializing Spring DispatcherServlet 'dispatcherServlet'
2019-08-12 17:12:48,490 INFO org.hibernate.tool.schema.internal.SchemaDropperImpl$DelayedDropActionImpl [Thread-4] HHH000477: Starting delayed evictData of schema as part of SessionFactory shut-down'
2019-08-12 17:12:48,495 INFO com.zaxxer.hikari.HikariDataSource [Thread-4] HikariPool-1 - Shutdown initiated...
2019-08-12 17:12:48,498 INFO com.zaxxer.hikari.HikariDataSource [Thread-4] HikariPool-1 - Shutdown completed.
2019-08-12 17:13:21,385 INFO bb.he.example.h2noob.H2noobApplication [main] Starting H2noobApplication on issam-Latitude-7490 with PID 17673 (/home/issam/Desktop/h2noob/target/classes started by issam in /home/issam/Desktop/h2noob)
2019-08-12 17:13:21,387 INFO bb.he.example.h2noob.H2noobApplication [main] No active profile set, falling back to default profiles: default
2019-08-12 17:13:22,158 INFO org.apache.catalina.core.StandardService [main] Starting service [Tomcat]
2019-08-12 17:13:22,158 INFO org.apache.catalina.core.StandardEngine [main] Starting Servlet engine: [Apache Tomcat/9.0.22]
2019-08-12 17:13:22,207 INFO org.apache.catalina.core.ContainerBase.[Tomcat].[localhost].[/] [main] Initializing Spring embedded WebApplicationContext
2019-08-12 17:13:22,238 INFO com.zaxxer.hikari.HikariDataSource [main] HikariPool-1 - Starting...
2019-08-12 17:13:22,306 INFO com.zaxxer.hikari.HikariDataSource [main] HikariPool-1 - Start completed.
2019-08-12 17:13:22,398 INFO org.hibernate.jpa.internal.util.LogHelper [main] HHH000204: Processing PersistenceUnitInfo [name: default]
2019-08-12 17:13:22,441 INFO org.hibernate.Version [main] HHH000412: Hibernate Core {5.4.4.Final}
2019-08-12 17:13:22,507 INFO org.hibernate.annotations.common.Version [main] HCANN000001: Hibernate Commons Annotations {5.1.0.Final}
2019-08-12 17:13:22,596 INFO org.hibernate.dialect.Dialect [main] HHH000400: Using dialect: org.hibernate.dialect.H2Dialect
2019-08-12 17:13:22,951 INFO org.hibernate.engine.transaction.jta.platform.internal.JtaPlatformInitiator [main] HHH000490: Using JtaPlatform implementation: [org.hibernate.engine.transaction.jta.platform.internal.NoJtaPlatform]
2019-08-12 17:13:23,471 INFO bb.he.example.h2noob.H2noobApplication [main] Started H2noobApplication in 2.322 seconds (JVM running for 2.567)
2019-08-12 17:13:26,869 INFO org.apache.catalina.core.ContainerBase.[Tomcat].[localhost].[/] [http-nio-8080-exec-2] Initializing Spring DispatcherServlet 'dispatcherServlet'
2019-08-12 17:13:32,318 INFO org.hibernate.tool.schema.internal.SchemaDropperImpl$DelayedDropActionImpl [Thread-4] HHH000477: Starting delayed evictData of schema as part of SessionFactory shut-down'
2019-08-12 17:13:32,333 INFO com.zaxxer.hikari.HikariDataSource [Thread-4] HikariPool-1 - Shutdown initiated...
2019-08-12 17:13:32,339 INFO com.zaxxer.hikari.HikariDataSource [Thread-4] HikariPool-1 - Shutdown completed.
